Using pre-set license
Built from '2021.3/staging' branch; Version is '2021.3.11f1 (0a5ca18544bf) revision 679073'; Using compiler version '192829333'; Build Type 'Release'
OS: 'Windows 11  (10.0.22621) 64bit Core' Language: 'en' Physical Memory: 16131 MB
BatchMode: 1, IsHumanControllingUs: 0, StartBugReporterOnCrash: 0, Is64bit: 1, IsPro: 1

COMMAND LINE ARGUMENTS:
C:\Program Files\Unity\Hub\Editor\2021.3.11f1\Editor\Unity.exe
-adb2
-batchMode
-noUpm
-name
AssetImportWorker0
-projectPath
C:/Users/aidan/Desktop/Unity_projects/rake_it_up/Rake it up
-logFile
Logs/AssetImportWorker0.log
-srvPort
62902
Successfully changed project path to: C:/Users/aidan/Desktop/Unity_projects/rake_it_up/Rake it up
C:/Users/aidan/Desktop/Unity_projects/rake_it_up/Rake it up
[UnityMemory] Configuration Parameters - Can be set up in boot.config
    "memorysetup-bucket-allocator-granularity=16"
    "memorysetup-bucket-allocator-bucket-count=8"
    "memorysetup-bucket-allocator-block-size=33554432"
    "memorysetup-bucket-allocator-block-count=8"
    "memorysetup-main-allocator-block-size=16777216"
    "memorysetup-thread-allocator-block-size=16777216"
    "memorysetup-gfx-main-allocator-block-size=16777216"
    "memorysetup-gfx-thread-allocator-block-size=16777216"
    "memorysetup-cache-allocator-block-size=4194304"
    "memorysetup-typetree-allocator-block-size=2097152"
    "memorysetup-profiler-bucket-allocator-granularity=16"
    "memorysetup-profiler-bucket-allocator-bucket-count=8"
    "memorysetup-profiler-bucket-allocator-block-size=33554432"
    "memorysetup-profiler-bucket-allocator-block-count=8"
    "memorysetup-profiler-allocator-block-size=16777216"
    "memorysetup-profiler-editor-allocator-block-size=1048576"
    "memorysetup-temp-allocator-size-main=16777216"
    "memorysetup-job-temp-allocator-block-size=2097152"
    "memorysetup-job-temp-allocator-block-size-background=1048576"
    "memorysetup-job-temp-allocator-reduction-small-platforms=262144"
    "memorysetup-temp-allocator-size-background-worker=32768"
    "memorysetup-temp-allocator-size-job-worker=262144"
    "memorysetup-temp-allocator-size-preload-manager=33554432"
    "memorysetup-temp-allocator-size-nav-mesh-worker=65536"
    "memorysetup-temp-allocator-size-audio-worker=65536"
    "memorysetup-temp-allocator-size-cloud-worker=32768"
    "memorysetup-temp-allocator-size-gi-baking-worker=262144"
    "memorysetup-temp-allocator-size-gfx=262144"
Refreshing native plugins compatible for Editor in 83.99 ms, found 3 plugins.
Preloading 0 native plugins for Editor in 0.00 ms.
Initialize engine version: 2021.3.11f1 (0a5ca18544bf)
[Subsystems] Discovering subsystems at path C:/Program Files/Unity/Hub/Editor/2021.3.11f1/Editor/Data/Resources/UnitySubsystems
[Subsystems] Discovering subsystems at path C:/Users/aidan/Desktop/Unity_projects/rake_it_up/Rake it up/Assets
GfxDevice: creating device client; threaded=0; jobified=0
Direct3D:
    Version:  Direct3D 11.0 [level 11.1]
    Renderer: NVIDIA GeForce RTX 3070 Laptop GPU (ID=0x249d)
    Vendor:   NVIDIA
    VRAM:     8044 MB
    Driver:   30.0.14.7219
Initialize mono
Mono path[0] = 'C:/Program Files/Unity/Hub/Editor/2021.3.11f1/Editor/Data/Managed'
Mono path[1] = 'C:/Program Files/Unity/Hub/Editor/2021.3.11f1/Editor/Data/MonoBleedingEdge/lib/mono/unityjit-win32'
Mono config path = 'C:/Program Files/Unity/Hub/Editor/2021.3.11f1/Editor/Data/MonoBleedingEdge/etc'
Using monoOptions --debugger-agent=transport=dt_socket,embedding=1,server=y,suspend=n,address=127.0.0.1:56636
Begin MonoManager ReloadAssembly
Registering precompiled unity dll's ...
Register platform support module: C:/Program Files/Unity/Hub/Editor/2021.3.11f1/Editor/Data/PlaybackEngines/WindowsStandaloneSupport/UnityEditor.WindowsStandalone.Extensions.dll
Registered in 0.005942 seconds.
Native extension for WindowsStandalone target not found
Refreshing native plugins compatible for Editor in 130.83 ms, found 3 plugins.
Preloading 0 native plugins for Editor in 0.00 ms.
Mono: successfully reloaded assembly
- Completed reload, in  0.801 seconds
Domain Reload Profiling:
	ReloadAssembly (802ms)
		BeginReloadAssembly (64ms)
			ExecutionOrderSort (0ms)
			DisableScriptedObjects (0ms)
			BackupInstance (0ms)
			ReleaseScriptingObjects (0ms)
			CreateAndSetChildDomain (1ms)
		EndReloadAssembly (630ms)
			LoadAssemblies (63ms)
			RebuildTransferFunctionScriptingTraits (0ms)
			SetupTypeCache (119ms)
			ReleaseScriptCaches (0ms)
			RebuildScriptCaches (32ms)
			SetupLoadedEditorAssemblies (425ms)
				LogAssemblyErrors (0ms)
				InitializePlatformSupportModulesInManaged (23ms)
				SetLoadedEditorAssemblies (0ms)
				RefreshPlugins (131ms)
				BeforeProcessingInitializeOnLoad (2ms)
				ProcessInitializeOnLoadAttributes (202ms)
				ProcessInitializeOnLoadMethodAttributes (67ms)
				AfterProcessingInitializeOnLoad (0ms)
				EditorAssembliesLoaded (0ms)
			ExecutionOrderSort2 (0ms)
			AwakeInstancesAfterBackupRestoration (0ms)
Platform modules already initialized, skipping
Registering precompiled user dll's ...
Registered in 0.005553 seconds.
Begin MonoManager ReloadAssembly
Symbol file LoadedFromMemory doesn't match image C:\Users\aidan\Desktop\Unity_projects\rake_it_up\Rake it up\Library\PackageCache\com.unity.visualscripting@1.7.8\Editor\VisualScripting.Core\Dependencies\YamlDotNet\Unity.VisualScripting.YamlDotNet.dll
Symbol file LoadedFromMemory doesn't match image C:\Users\aidan\Desktop\Unity_projects\rake_it_up\Rake it up\Library\PackageCache\com.unity.visualscripting@1.7.8\Editor\VisualScripting.Core\Dependencies\DotNetZip\Unity.VisualScripting.IonicZip.dll
Native extension for WindowsStandalone target not found
Refreshing native plugins compatible for Editor in 0.65 ms, found 3 plugins.
Preloading 0 native plugins for Editor in 0.00 ms.
Mono: successfully reloaded assembly
- Completed reload, in  1.010 seconds
Domain Reload Profiling:
	ReloadAssembly (1011ms)
		BeginReloadAssembly (122ms)
			ExecutionOrderSort (0ms)
			DisableScriptedObjects (6ms)
			BackupInstance (0ms)
			ReleaseScriptingObjects (0ms)
			CreateAndSetChildDomain (22ms)
		EndReloadAssembly (770ms)
			LoadAssemblies (82ms)
			RebuildTransferFunctionScriptingTraits (0ms)
			SetupTypeCache (263ms)
			ReleaseScriptCaches (1ms)
			RebuildScriptCaches (47ms)
			SetupLoadedEditorAssemblies (348ms)
				LogAssemblyErrors (0ms)
				InitializePlatformSupportModulesInManaged (5ms)
				SetLoadedEditorAssemblies (0ms)
				RefreshPlugins (1ms)
				BeforeProcessingInitializeOnLoad (72ms)
				ProcessInitializeOnLoadAttributes (235ms)
				ProcessInitializeOnLoadMethodAttributes (30ms)
				AfterProcessingInitializeOnLoad (5ms)
				EditorAssembliesLoaded (0ms)
			ExecutionOrderSort2 (0ms)
			AwakeInstancesAfterBackupRestoration (6ms)
Platform modules already initialized, skipping
========================================================================
Worker process is ready to serve import requests
Launched and connected shader compiler UnityShaderCompiler.exe after 0.05 seconds
Refreshing native plugins compatible for Editor in 0.74 ms, found 3 plugins.
Preloading 0 native plugins for Editor in 0.00 ms.
Unloading 3406 Unused Serialized files (Serialized files now loaded: 0)
Unloading 27 unused Assets / (113.4 KB). Loaded Objects now: 3865.
Memory consumption went from 119.2 MB to 119.1 MB.
Total: 3.118800 ms (FindLiveObjects: 0.323000 ms CreateObjectMapping: 0.100800 ms MarkObjects: 2.575900 ms  DeleteObjects: 0.117800 ms)

AssetImportParameters requested are different than current active one (requested -> active):
  custom:video-decoder-ogg-theora: a1e56fd34408186e4bbccfd4996cb3dc -> 
  custom:container-muxer-webm: aa71ff27fc2769a1b78a27578f13a17b -> 
  custom:container-demuxer-webm: 4f35f7cbe854078d1ac9338744f61a02 -> 
  custom:video-encoder-webm-vp8: eb34c28f22e8b96e1ab97ce403110664 -> 
  custom:audio-encoder-webm-vorbis: bf7c407c2cedff20999df2af8eb42d56 -> 
  custom:framework-win-MediaFoundation: 216162199b28c13a410421893ffa2e32 -> 
  custom:container-demuxer-ogg: 62fdf1f143b41e24485cea50d1cbac27 -> 
  custom:video-decoder-webm-vp8: 9c59270c3fd7afecdb556c50c9e8de78 -> 
  custom:audio-decoder-ogg-vorbis: bf7c407c2cedff20999df2af8eb42d56 -> 
========================================================================
Received Prepare
Registering precompiled user dll's ...
Registered in 0.004431 seconds.
Begin MonoManager ReloadAssembly
Symbol file LoadedFromMemory doesn't match image C:\Users\aidan\Desktop\Unity_projects\rake_it_up\Rake it up\Library\PackageCache\com.unity.visualscripting@1.7.8\Editor\VisualScripting.Core\Dependencies\YamlDotNet\Unity.VisualScripting.YamlDotNet.dll
Symbol file LoadedFromMemory doesn't match image C:\Users\aidan\Desktop\Unity_projects\rake_it_up\Rake it up\Library\PackageCache\com.unity.visualscripting@1.7.8\Editor\VisualScripting.Core\Dependencies\DotNetZip\Unity.VisualScripting.IonicZip.dll
Native extension for WindowsStandalone target not found
Refreshing native plugins compatible for Editor in 0.64 ms, found 3 plugins.
Preloading 0 native plugins for Editor in 0.00 ms.
Mono: successfully reloaded assembly
- Completed reload, in  0.965 seconds
Domain Reload Profiling:
	ReloadAssembly (965ms)
		BeginReloadAssembly (132ms)
			ExecutionOrderSort (0ms)
			DisableScriptedObjects (6ms)
			BackupInstance (0ms)
			ReleaseScriptingObjects (0ms)
			CreateAndSetChildDomain (41ms)
		EndReloadAssembly (743ms)
			LoadAssemblies (73ms)
			RebuildTransferFunctionScriptingTraits (0ms)
			SetupTypeCache (281ms)
			ReleaseScriptCaches (2ms)
			RebuildScriptCaches (48ms)
			SetupLoadedEditorAssemblies (298ms)
				LogAssemblyErrors (0ms)
				InitializePlatformSupportModulesInManaged (12ms)
				SetLoadedEditorAssemblies (0ms)
				RefreshPlugins (1ms)
				BeforeProcessingInitializeOnLoad (59ms)
				ProcessInitializeOnLoadAttributes (196ms)
				ProcessInitializeOnLoadMethodAttributes (24ms)
				AfterProcessingInitializeOnLoad (5ms)
				EditorAssembliesLoaded (0ms)
			ExecutionOrderSort2 (0ms)
			AwakeInstancesAfterBackupRestoration (6ms)
Platform modules already initialized, skipping
Refreshing native plugins compatible for Editor in 1.63 ms, found 3 plugins.
Preloading 0 native plugins for Editor in 0.00 ms.
Unloading 3388 Unused Serialized files (Serialized files now loaded: 0)
Unloading 20 unused Assets / (79.9 KB). Loaded Objects now: 3868.
Memory consumption went from 117.8 MB to 117.7 MB.
Total: 2.742200 ms (FindLiveObjects: 0.264900 ms CreateObjectMapping: 0.109100 ms MarkObjects: 2.286500 ms  DeleteObjects: 0.080500 ms)

AssetImportParameters requested are different than current active one (requested -> active):
  custom:video-decoder-ogg-theora: a1e56fd34408186e4bbccfd4996cb3dc -> 
  custom:container-muxer-webm: aa71ff27fc2769a1b78a27578f13a17b -> 
  custom:container-demuxer-webm: 4f35f7cbe854078d1ac9338744f61a02 -> 
  custom:video-encoder-webm-vp8: eb34c28f22e8b96e1ab97ce403110664 -> 
  custom:audio-encoder-webm-vorbis: bf7c407c2cedff20999df2af8eb42d56 -> 
  custom:framework-win-MediaFoundation: 216162199b28c13a410421893ffa2e32 -> 
  custom:container-demuxer-ogg: 62fdf1f143b41e24485cea50d1cbac27 -> 
  custom:video-decoder-webm-vp8: 9c59270c3fd7afecdb556c50c9e8de78 -> 
  custom:audio-decoder-ogg-vorbis: bf7c407c2cedff20999df2af8eb42d56 -> 
========================================================================
Received Import Request.
  Time since last request: 252243.367847 seconds.
  path: Assets/leaf.mp3
  artifactKey: Guid(9308d455c94d645429dc781ab9760558) Importer(815301076,1909f56bfc062723c751e8b465ee728b)
Start importing Assets/leaf.mp3 using Guid(9308d455c94d645429dc781ab9760558) Importer(815301076,1909f56bfc062723c751e8b465ee728b)  -> (artifact id: '77dc8088d368b5b059b8c1578167b3dc') in 0.116505 seconds 
========================================================================
Received Import Request.
  Time since last request: 100.660216 seconds.
  path: Assets/models/ari.jpg
  artifactKey: Guid(36f561a02d13d1f47b122dbc6908af13) Importer(815301076,1909f56bfc062723c751e8b465ee728b)
Start importing Assets/models/ari.jpg using Guid(36f561a02d13d1f47b122dbc6908af13) Importer(815301076,1909f56bfc062723c751e8b465ee728b)  -> (artifact id: 'a45a3b34126760f79f8b91ee38e9a3e9') in 0.072809 seconds 
========================================================================
Received Import Request.
  Time since last request: 0.000083 seconds.
  path: Assets/models/Lambo.mat
  artifactKey: Guid(9f1c413163206ed478f3f9071fa0fd5b) Importer(815301076,1909f56bfc062723c751e8b465ee728b)
Start importing Assets/models/Lambo.mat using Guid(9f1c413163206ed478f3f9071fa0fd5b) Importer(815301076,1909f56bfc062723c751e8b465ee728b)  -> (artifact id: '7276835c0fde252efcf374da5505838d') in 0.052676 seconds 
========================================================================
Received Import Request.
  Time since last request: 0.000022 seconds.
  path: Assets/models/car.obj
  artifactKey: Guid(1afd946d18d69c747831ce1d0442ce7b) Importer(815301076,1909f56bfc062723c751e8b465ee728b)
Start importing Assets/models/car.obj using Guid(1afd946d18d69c747831ce1d0442ce7b) Importer(815301076,1909f56bfc062723c751e8b465ee728b)  -> (artifact id: 'ea48a0ef051b1faeee3a5dc6f0c61883') in 0.054929 seconds 
========================================================================
Received Import Request.
  Time since last request: 0.000044 seconds.
  path: Assets/models/mula.fbx
  artifactKey: Guid(c5e046e4aa0db4047a19a3b8592d0f67) Importer(815301076,1909f56bfc062723c751e8b465ee728b)
Start importing Assets/models/mula.fbx using Guid(c5e046e4aa0db4047a19a3b8592d0f67) Importer(815301076,1909f56bfc062723c751e8b465ee728b)  -> (artifact id: 'eb6b1e5ea526d603cc3534deb7f47381') in 0.049900 seconds 
========================================================================
Received Import Request.
  Time since last request: 0.000045 seconds.
  path: Assets/models/ScoreZone.mat
  artifactKey: Guid(8e430ffab8622d74298200899da352fd) Importer(815301076,1909f56bfc062723c751e8b465ee728b)
Start importing Assets/models/ScoreZone.mat using Guid(8e430ffab8622d74298200899da352fd) Importer(815301076,1909f56bfc062723c751e8b465ee728b)  -> (artifact id: 'fa29d0826056ea7b1b71f407b8f963c8') in 0.014861 seconds 
========================================================================
Received Import Request.
  Time since last request: 0.000021 seconds.
  path: Assets/models/nickiattempt.fbx
  artifactKey: Guid(6b66631844ee2044b8e6c51e9259da2b) Importer(815301076,1909f56bfc062723c751e8b465ee728b)
Start importing Assets/models/nickiattempt.fbx using Guid(6b66631844ee2044b8e6c51e9259da2b) Importer(815301076,1909f56bfc062723c751e8b465ee728b)  -> (artifact id: '6ba0d809a920074608e492f893609797') in 0.077116 seconds 
========================================================================
Received Import Request.
  Time since last request: 0.000054 seconds.
  path: Assets/models/fence1.fbx
  artifactKey: Guid(33a0d705633a20944873bbbc7cbec846) Importer(815301076,1909f56bfc062723c751e8b465ee728b)
Start importing Assets/models/fence1.fbx using Guid(33a0d705633a20944873bbbc7cbec846) Importer(815301076,1909f56bfc062723c751e8b465ee728b)  -> (artifact id: '9314f7cd064e555ec73c5cdf3b1b0db9') in 0.033041 seconds 
========================================================================
Received Import Request.
  Time since last request: 0.000025 seconds.
  path: Assets/models/player.mat
  artifactKey: Guid(958c0cab1bdc21c49a7f2df5a7c91023) Importer(815301076,1909f56bfc062723c751e8b465ee728b)
Start importing Assets/models/player.mat using Guid(958c0cab1bdc21c49a7f2df5a7c91023) Importer(815301076,1909f56bfc062723c751e8b465ee728b)  -> (artifact id: '3fbd3f5163546ecf3dcbffdd59a1a674') in 0.014147 seconds 
========================================================================
Received Import Request.
  Time since last request: 31.010119 seconds.
  path: Assets/prefabs/leaf.prefab
  artifactKey: Guid(f53ce9a9579a5f9419ca632ee8aa272f) Importer(815301076,1909f56bfc062723c751e8b465ee728b)
Start importing Assets/prefabs/leaf.prefab using Guid(f53ce9a9579a5f9419ca632ee8aa272f) Importer(815301076,1909f56bfc062723c751e8b465ee728b)  -> (artifact id: '3b1dbd0aff4e562fb7e87602b9c20da2') in 0.013982 seconds 
========================================================================
Received Import Request.
  Time since last request: 0.000023 seconds.
  path: Assets/prefabs/tree.prefab
  artifactKey: Guid(31f7f3f2f9c7a774c9910822500fc08d) Importer(815301076,1909f56bfc062723c751e8b465ee728b)
Start importing Assets/prefabs/tree.prefab using Guid(31f7f3f2f9c7a774c9910822500fc08d) Importer(815301076,1909f56bfc062723c751e8b465ee728b)  -> (artifact id: 'e3fbcbc65d87784b48e69422ebd40032') in 0.022518 seconds 
========================================================================
Received Import Request.
  Time since last request: 0.000026 seconds.
  path: Assets/prefabs/Player.prefab
  artifactKey: Guid(0b8c7dacc74eb8f4cb5a21ee319a9568) Importer(815301076,1909f56bfc062723c751e8b465ee728b)
Start importing Assets/prefabs/Player.prefab using Guid(0b8c7dacc74eb8f4cb5a21ee319a9568) Importer(815301076,1909f56bfc062723c751e8b465ee728b)  -> (artifact id: '3cc508bd3bd2d79bbbfb2979eed4356d') in 0.023003 seconds 
Editor requested this worker to shutdown with reason: Scaling down because of idle timeout
AssetImportWorker is now disconnected from the server
Process exiting
Exiting without the bug reporter. Application will terminate with return code 0