Using pre-set license
Built from '2021.3/staging' branch; Version is '2021.3.11f1 (0a5ca18544bf) revision 679073'; Using compiler version '192829333'; Build Type 'Release'
OS: 'Windows 11  (10.0.22621) 64bit Core' Language: 'en' Physical Memory: 16131 MB
BatchMode: 1, IsHumanControllingUs: 0, StartBugReporterOnCrash: 0, Is64bit: 1, IsPro: 1

COMMAND LINE ARGUMENTS:
C:\Program Files\Unity\Hub\Editor\2021.3.11f1\Editor\Unity.exe
-adb2
-batchMode
-noUpm
-name
AssetImportWorker1
-projectPath
C:/Users/aidan/Desktop/Unity_projects/rake_it_up/Rake it up
-logFile
Logs/AssetImportWorker1.log
-srvPort
62902
Successfully changed project path to: C:/Users/aidan/Desktop/Unity_projects/rake_it_up/Rake it up
C:/Users/aidan/Desktop/Unity_projects/rake_it_up/Rake it up
[UnityMemory] Configuration Parameters - Can be set up in boot.config
    "memorysetup-bucket-allocator-granularity=16"
    "memorysetup-bucket-allocator-bucket-count=8"
    "memorysetup-bucket-allocator-block-size=33554432"
    "memorysetup-bucket-allocator-block-count=8"
    "memorysetup-main-allocator-block-size=16777216"
    "memorysetup-thread-allocator-block-size=16777216"
    "memorysetup-gfx-main-allocator-block-size=16777216"
    "memorysetup-gfx-thread-allocator-block-size=16777216"
    "memorysetup-cache-allocator-block-size=4194304"
    "memorysetup-typetree-allocator-block-size=2097152"
    "memorysetup-profiler-bucket-allocator-granularity=16"
    "memorysetup-profiler-bucket-allocator-bucket-count=8"
    "memorysetup-profiler-bucket-allocator-block-size=33554432"
    "memorysetup-profiler-bucket-allocator-block-count=8"
    "memorysetup-profiler-allocator-block-size=16777216"
    "memorysetup-profiler-editor-allocator-block-size=1048576"
    "memorysetup-temp-allocator-size-main=16777216"
    "memorysetup-job-temp-allocator-block-size=2097152"
    "memorysetup-job-temp-allocator-block-size-background=1048576"
    "memorysetup-job-temp-allocator-reduction-small-platforms=262144"
    "memorysetup-temp-allocator-size-background-worker=32768"
    "memorysetup-temp-allocator-size-job-worker=262144"
    "memorysetup-temp-allocator-size-preload-manager=33554432"
    "memorysetup-temp-allocator-size-nav-mesh-worker=65536"
    "memorysetup-temp-allocator-size-audio-worker=65536"
    "memorysetup-temp-allocator-size-cloud-worker=32768"
    "memorysetup-temp-allocator-size-gi-baking-worker=262144"
    "memorysetup-temp-allocator-size-gfx=262144"
Refreshing native plugins compatible for Editor in 79.65 ms, found 3 plugins.
Preloading 0 native plugins for Editor in 0.00 ms.
Initialize engine version: 2021.3.11f1 (0a5ca18544bf)
[Subsystems] Discovering subsystems at path C:/Program Files/Unity/Hub/Editor/2021.3.11f1/Editor/Data/Resources/UnitySubsystems
[Subsystems] Discovering subsystems at path C:/Users/aidan/Desktop/Unity_projects/rake_it_up/Rake it up/Assets
GfxDevice: creating device client; threaded=0; jobified=0
Direct3D:
    Version:  Direct3D 11.0 [level 11.1]
    Renderer: NVIDIA GeForce RTX 3070 Laptop GPU (ID=0x249d)
    Vendor:   NVIDIA
    VRAM:     8044 MB
    Driver:   30.0.14.7219
Initialize mono
Mono path[0] = 'C:/Program Files/Unity/Hub/Editor/2021.3.11f1/Editor/Data/Managed'
Mono path[1] = 'C:/Program Files/Unity/Hub/Editor/2021.3.11f1/Editor/Data/MonoBleedingEdge/lib/mono/unityjit-win32'
Mono config path = 'C:/Program Files/Unity/Hub/Editor/2021.3.11f1/Editor/Data/MonoBleedingEdge/etc'
Using monoOptions --debugger-agent=transport=dt_socket,embedding=1,server=y,suspend=n,address=127.0.0.1:56704
Begin MonoManager ReloadAssembly
Registering precompiled unity dll's ...
Register platform support module: C:/Program Files/Unity/Hub/Editor/2021.3.11f1/Editor/Data/PlaybackEngines/WindowsStandaloneSupport/UnityEditor.WindowsStandalone.Extensions.dll
Registered in 0.003555 seconds.
Native extension for WindowsStandalone target not found
Refreshing native plugins compatible for Editor in 123.23 ms, found 3 plugins.
Preloading 0 native plugins for Editor in 0.00 ms.
Mono: successfully reloaded assembly
- Completed reload, in  0.892 seconds
Domain Reload Profiling:
	ReloadAssembly (893ms)
		BeginReloadAssembly (75ms)
			ExecutionOrderSort (0ms)
			DisableScriptedObjects (0ms)
			BackupInstance (0ms)
			ReleaseScriptingObjects (0ms)
			CreateAndSetChildDomain (1ms)
		EndReloadAssembly (669ms)
			LoadAssemblies (73ms)
			RebuildTransferFunctionScriptingTraits (0ms)
			SetupTypeCache (160ms)
			ReleaseScriptCaches (0ms)
			RebuildScriptCaches (37ms)
			SetupLoadedEditorAssemblies (404ms)
				LogAssemblyErrors (0ms)
				InitializePlatformSupportModulesInManaged (10ms)
				SetLoadedEditorAssemblies (0ms)
				RefreshPlugins (123ms)
				BeforeProcessingInitializeOnLoad (2ms)
				ProcessInitializeOnLoadAttributes (212ms)
				ProcessInitializeOnLoadMethodAttributes (56ms)
				AfterProcessingInitializeOnLoad (0ms)
				EditorAssembliesLoaded (0ms)
			ExecutionOrderSort2 (0ms)
			AwakeInstancesAfterBackupRestoration (0ms)
Platform modules already initialized, skipping
Registering precompiled user dll's ...
Registered in 0.004726 seconds.
Begin MonoManager ReloadAssembly
Symbol file LoadedFromMemory doesn't match image C:\Users\aidan\Desktop\Unity_projects\rake_it_up\Rake it up\Library\PackageCache\com.unity.visualscripting@1.7.8\Editor\VisualScripting.Core\Dependencies\YamlDotNet\Unity.VisualScripting.YamlDotNet.dll
Symbol file LoadedFromMemory doesn't match image C:\Users\aidan\Desktop\Unity_projects\rake_it_up\Rake it up\Library\PackageCache\com.unity.visualscripting@1.7.8\Editor\VisualScripting.Core\Dependencies\DotNetZip\Unity.VisualScripting.IonicZip.dll
Native extension for WindowsStandalone target not found
Refreshing native plugins compatible for Editor in 0.69 ms, found 3 plugins.
Preloading 0 native plugins for Editor in 0.00 ms.
Mono: successfully reloaded assembly
- Completed reload, in  1.040 seconds
Domain Reload Profiling:
	ReloadAssembly (1041ms)
		BeginReloadAssembly (112ms)
			ExecutionOrderSort (0ms)
			DisableScriptedObjects (5ms)
			BackupInstance (0ms)
			ReleaseScriptingObjects (0ms)
			CreateAndSetChildDomain (20ms)
		EndReloadAssembly (810ms)
			LoadAssemblies (73ms)
			RebuildTransferFunctionScriptingTraits (0ms)
			SetupTypeCache (235ms)
			ReleaseScriptCaches (1ms)
			RebuildScriptCaches (43ms)
			SetupLoadedEditorAssemblies (417ms)
				LogAssemblyErrors (0ms)
				InitializePlatformSupportModulesInManaged (7ms)
				SetLoadedEditorAssemblies (0ms)
				RefreshPlugins (1ms)
				BeforeProcessingInitializeOnLoad (78ms)
				ProcessInitializeOnLoadAttributes (268ms)
				ProcessInitializeOnLoadMethodAttributes (56ms)
				AfterProcessingInitializeOnLoad (7ms)
				EditorAssembliesLoaded (0ms)
			ExecutionOrderSort2 (0ms)
			AwakeInstancesAfterBackupRestoration (7ms)
Platform modules already initialized, skipping
========================================================================
Worker process is ready to serve import requests
Launched and connected shader compiler UnityShaderCompiler.exe after 0.04 seconds
Refreshing native plugins compatible for Editor in 0.71 ms, found 3 plugins.
Preloading 0 native plugins for Editor in 0.00 ms.
Unloading 3406 Unused Serialized files (Serialized files now loaded: 0)
Unloading 27 unused Assets / (113.4 KB). Loaded Objects now: 3865.
Memory consumption went from 119.2 MB to 119.1 MB.
Total: 2.932000 ms (FindLiveObjects: 0.297600 ms CreateObjectMapping: 0.097700 ms MarkObjects: 2.423200 ms  DeleteObjects: 0.112500 ms)

AssetImportParameters requested are different than current active one (requested -> active):
  custom:video-decoder-ogg-theora: a1e56fd34408186e4bbccfd4996cb3dc -> 
  custom:container-muxer-webm: aa71ff27fc2769a1b78a27578f13a17b -> 
  custom:container-demuxer-webm: 4f35f7cbe854078d1ac9338744f61a02 -> 
  custom:video-encoder-webm-vp8: eb34c28f22e8b96e1ab97ce403110664 -> 
  custom:audio-encoder-webm-vorbis: bf7c407c2cedff20999df2af8eb42d56 -> 
  custom:framework-win-MediaFoundation: 216162199b28c13a410421893ffa2e32 -> 
  custom:container-demuxer-ogg: 62fdf1f143b41e24485cea50d1cbac27 -> 
  custom:video-decoder-webm-vp8: 9c59270c3fd7afecdb556c50c9e8de78 -> 
  custom:audio-decoder-ogg-vorbis: bf7c407c2cedff20999df2af8eb42d56 -> 
========================================================================
Received Prepare
Registering precompiled user dll's ...
Registered in 0.003544 seconds.
Begin MonoManager ReloadAssembly
Symbol file LoadedFromMemory doesn't match image C:\Users\aidan\Desktop\Unity_projects\rake_it_up\Rake it up\Library\PackageCache\com.unity.visualscripting@1.7.8\Editor\VisualScripting.Core\Dependencies\YamlDotNet\Unity.VisualScripting.YamlDotNet.dll
Symbol file LoadedFromMemory doesn't match image C:\Users\aidan\Desktop\Unity_projects\rake_it_up\Rake it up\Library\PackageCache\com.unity.visualscripting@1.7.8\Editor\VisualScripting.Core\Dependencies\DotNetZip\Unity.VisualScripting.IonicZip.dll
Native extension for WindowsStandalone target not found
Refreshing native plugins compatible for Editor in 0.62 ms, found 3 plugins.
Preloading 0 native plugins for Editor in 0.00 ms.
Mono: successfully reloaded assembly
- Completed reload, in  0.964 seconds
Domain Reload Profiling:
	ReloadAssembly (965ms)
		BeginReloadAssembly (131ms)
			ExecutionOrderSort (0ms)
			DisableScriptedObjects (7ms)
			BackupInstance (0ms)
			ReleaseScriptingObjects (0ms)
			CreateAndSetChildDomain (40ms)
		EndReloadAssembly (743ms)
			LoadAssemblies (73ms)
			RebuildTransferFunctionScriptingTraits (0ms)
			SetupTypeCache (282ms)
			ReleaseScriptCaches (2ms)
			RebuildScriptCaches (48ms)
			SetupLoadedEditorAssemblies (296ms)
				LogAssemblyErrors (0ms)
				InitializePlatformSupportModulesInManaged (11ms)
				SetLoadedEditorAssemblies (0ms)
				RefreshPlugins (1ms)
				BeforeProcessingInitializeOnLoad (58ms)
				ProcessInitializeOnLoadAttributes (195ms)
				ProcessInitializeOnLoadMethodAttributes (25ms)
				AfterProcessingInitializeOnLoad (5ms)
				EditorAssembliesLoaded (0ms)
			ExecutionOrderSort2 (0ms)
			AwakeInstancesAfterBackupRestoration (6ms)
Platform modules already initialized, skipping
Refreshing native plugins compatible for Editor in 1.65 ms, found 3 plugins.
Preloading 0 native plugins for Editor in 0.00 ms.
Unloading 3388 Unused Serialized files (Serialized files now loaded: 0)
Unloading 20 unused Assets / (79.9 KB). Loaded Objects now: 3868.
Memory consumption went from 117.8 MB to 117.7 MB.
Total: 2.727200 ms (FindLiveObjects: 0.262000 ms CreateObjectMapping: 0.094900 ms MarkObjects: 2.286500 ms  DeleteObjects: 0.082100 ms)

AssetImportParameters requested are different than current active one (requested -> active):
  custom:video-decoder-ogg-theora: a1e56fd34408186e4bbccfd4996cb3dc -> 
  custom:container-muxer-webm: aa71ff27fc2769a1b78a27578f13a17b -> 
  custom:container-demuxer-webm: 4f35f7cbe854078d1ac9338744f61a02 -> 
  custom:video-encoder-webm-vp8: eb34c28f22e8b96e1ab97ce403110664 -> 
  custom:audio-encoder-webm-vorbis: bf7c407c2cedff20999df2af8eb42d56 -> 
  custom:framework-win-MediaFoundation: 216162199b28c13a410421893ffa2e32 -> 
  custom:container-demuxer-ogg: 62fdf1f143b41e24485cea50d1cbac27 -> 
  custom:video-decoder-webm-vp8: 9c59270c3fd7afecdb556c50c9e8de78 -> 
  custom:audio-decoder-ogg-vorbis: bf7c407c2cedff20999df2af8eb42d56 -> 
========================================================================
Received Import Request.
  Time since last request: 252243.350952 seconds.
  path: Assets/leave-blower.mp3
  artifactKey: Guid(146bdf5bc77c5e946a5fa24358abd2ca) Importer(815301076,1909f56bfc062723c751e8b465ee728b)
Start importing Assets/leave-blower.mp3 using Guid(146bdf5bc77c5e946a5fa24358abd2ca) Importer(815301076,1909f56bfc062723c751e8b465ee728b)  -> (artifact id: 'c0a1bfa6b36d7ad33c63e4da8a2105b8') in 0.112579 seconds 
========================================================================
Received Import Request.
  Time since last request: 0.000023 seconds.
  path: Assets/metal-clank.mp3
  artifactKey: Guid(45e0bb0cf8cd70049a716ffabc1b7962) Importer(815301076,1909f56bfc062723c751e8b465ee728b)
Start importing Assets/metal-clank.mp3 using Guid(45e0bb0cf8cd70049a716ffabc1b7962) Importer(815301076,1909f56bfc062723c751e8b465ee728b)  -> (artifact id: '50d8fe4dc8582b6d9633877ade88b375') in 0.012829 seconds 
========================================================================
Received Import Request.
  Time since last request: 100.663483 seconds.
  path: Assets/models/ari.mat
  artifactKey: Guid(6eaec17acacbc494fb55042d8701d3cc) Importer(815301076,1909f56bfc062723c751e8b465ee728b)
Start importing Assets/models/ari.mat using Guid(6eaec17acacbc494fb55042d8701d3cc) Importer(815301076,1909f56bfc062723c751e8b465ee728b)  -> (artifact id: '9f8c18bb9b98ab3f195b7af764fb1d87') in 0.072793 seconds 
========================================================================
Received Import Request.
  Time since last request: 0.000025 seconds.
  path: Assets/models/hair.mat
  artifactKey: Guid(d3d50b0454311f549ab2d4e3d1c00c66) Importer(815301076,1909f56bfc062723c751e8b465ee728b)
Start importing Assets/models/hair.mat using Guid(d3d50b0454311f549ab2d4e3d1c00c66) Importer(815301076,1909f56bfc062723c751e8b465ee728b)  -> (artifact id: 'c84795ba243bf47fe0c374cebc461494') in 0.018060 seconds 
========================================================================
Received Import Request.
  Time since last request: 0.000031 seconds.
  path: Assets/models/New Material 3.mat
  artifactKey: Guid(68b4e6704b7f4f843b545a56e687544b) Importer(815301076,1909f56bfc062723c751e8b465ee728b)
Start importing Assets/models/New Material 3.mat using Guid(68b4e6704b7f4f843b545a56e687544b) Importer(815301076,1909f56bfc062723c751e8b465ee728b)  -> (artifact id: '8b29bca8f8197969c555bee26760b4e8') in 0.016137 seconds 
========================================================================
Received Import Request.
  Time since last request: 0.000032 seconds.
  path: Assets/models/rake.fbx
  artifactKey: Guid(cbbd750160e855b4a950dcc4627a3de2) Importer(815301076,1909f56bfc062723c751e8b465ee728b)
Start importing Assets/models/rake.fbx using Guid(cbbd750160e855b4a950dcc4627a3de2) Importer(815301076,1909f56bfc062723c751e8b465ee728b)  -> (artifact id: '488ea0feb3bc53a67a80ec3663b4012c') in 0.064260 seconds 
========================================================================
Received Import Request.
  Time since last request: 0.000023 seconds.
  path: Assets/models/Material.005.mat
  artifactKey: Guid(6ae7b9b18d5067a478adbc215d330422) Importer(815301076,1909f56bfc062723c751e8b465ee728b)
Start importing Assets/models/Material.005.mat using Guid(6ae7b9b18d5067a478adbc215d330422) Importer(815301076,1909f56bfc062723c751e8b465ee728b)  -> (artifact id: '9825a54d712d4427491494becce66663') in 0.015583 seconds 
========================================================================
Received Import Request.
  Time since last request: 0.000052 seconds.
  path: Assets/models/nicki.fbx
  artifactKey: Guid(b959a217dac842a44a2a8e46461a3603) Importer(815301076,1909f56bfc062723c751e8b465ee728b)
Start importing Assets/models/nicki.fbx using Guid(b959a217dac842a44a2a8e46461a3603) Importer(815301076,1909f56bfc062723c751e8b465ee728b)  -> (artifact id: 'e31a884d6978209bd2c58668ca2abc8e') in 0.053622 seconds 
========================================================================
Received Import Request.
  Time since last request: 0.000024 seconds.
  path: Assets/models/New Material 1.mat
  artifactKey: Guid(6d1cd50efb883b84eacc3d405b5bedf9) Importer(815301076,1909f56bfc062723c751e8b465ee728b)
Start importing Assets/models/New Material 1.mat using Guid(6d1cd50efb883b84eacc3d405b5bedf9) Importer(815301076,1909f56bfc062723c751e8b465ee728b)  -> (artifact id: '9c1e9e3721d6140ec537c24e2da92bcb') in 0.016786 seconds 
========================================================================
Received Import Request.
  Time since last request: 0.000034 seconds.
  path: Assets/models/New Material 2.mat
  artifactKey: Guid(7ea0fad88b2f19d42be41eb5ad81276e) Importer(815301076,1909f56bfc062723c751e8b465ee728b)
Start importing Assets/models/New Material 2.mat using Guid(7ea0fad88b2f19d42be41eb5ad81276e) Importer(815301076,1909f56bfc062723c751e8b465ee728b)  -> (artifact id: '7b8e92f93abd0ca99c351ff40296125e') in 0.015822 seconds 
========================================================================
Received Import Request.
  Time since last request: 0.000032 seconds.
  path: Assets/models/nickihead.fbx
  artifactKey: Guid(da50c15470292874bbd8be535ce231d0) Importer(815301076,1909f56bfc062723c751e8b465ee728b)
Start importing Assets/models/nickihead.fbx using Guid(da50c15470292874bbd8be535ce231d0) Importer(815301076,1909f56bfc062723c751e8b465ee728b)  -> (artifact id: 'e50b6cbacdf9a9b95b1c8911cda14817') in 0.081316 seconds 
========================================================================
Received Import Request.
  Time since last request: 0.000030 seconds.
  path: Assets/models/car 1.obj
  artifactKey: Guid(79fc001e5c524804290107c634f74f91) Importer(815301076,1909f56bfc062723c751e8b465ee728b)
Start importing Assets/models/car 1.obj using Guid(79fc001e5c524804290107c634f74f91) Importer(815301076,1909f56bfc062723c751e8b465ee728b)  -> (artifact id: '462ae2185b84cecd6e3b44661731ec30') in 0.032024 seconds 
========================================================================
Received Import Request.
  Time since last request: 30.972554 seconds.
  path: Assets/prefabs/nicki.prefab
  artifactKey: Guid(bac1c661b1d1a39498d8b97dcb77cc6d) Importer(815301076,1909f56bfc062723c751e8b465ee728b)
Start importing Assets/prefabs/nicki.prefab using Guid(bac1c661b1d1a39498d8b97dcb77cc6d) Importer(815301076,1909f56bfc062723c751e8b465ee728b)  -> (artifact id: 'f3d4adb57719b007927ef6a3a33fbd01') in 0.017120 seconds 
========================================================================
Received Import Request.
  Time since last request: 0.000044 seconds.
  path: Assets/prefabs/Plane.prefab
  artifactKey: Guid(ce977d004c224ac4bb5891f0beff9f6a) Importer(815301076,1909f56bfc062723c751e8b465ee728b)
Start importing Assets/prefabs/Plane.prefab using Guid(ce977d004c224ac4bb5891f0beff9f6a) Importer(815301076,1909f56bfc062723c751e8b465ee728b)  -> (artifact id: '837538f1ddb5ea30b0e87646ead73710') in 0.017506 seconds 
========================================================================
Received Import Request.
  Time since last request: 0.000039 seconds.
  path: Assets/prefabs/PlayerBlower.prefab
  artifactKey: Guid(4b78526fff7253f4db5596562c23ac40) Importer(815301076,1909f56bfc062723c751e8b465ee728b)
Start importing Assets/prefabs/PlayerBlower.prefab using Guid(4b78526fff7253f4db5596562c23ac40) Importer(815301076,1909f56bfc062723c751e8b465ee728b)  -> (artifact id: 'ba2ffd6e3c752fe13e9155cd9a254ccb') in 0.022676 seconds 
Editor requested this worker to shutdown with reason: Scaling down because of idle timeout
AssetImportWorker is now disconnected from the server
Process exiting
Exiting without the bug reporter. Application will terminate with return code 0