Using pre-set license
Built from '2021.3/staging' branch; Version is '2021.3.11f1 (0a5ca18544bf) revision 679073'; Using compiler version '192829333'; Build Type 'Release'
OS: 'Windows 10  (10.0.19045) 64bit Core' Language: 'en' Physical Memory: 16292 MB
BatchMode: 1, IsHumanControllingUs: 0, StartBugReporterOnCrash: 0, Is64bit: 1, IsPro: 1

COMMAND LINE ARGUMENTS:
C:\Program Files\Unity\Hub\Editor\2021.3.11f1\Editor\Unity.exe
-adb2
-batchMode
-noUpm
-name
AssetImportWorker2
-projectPath
C:/Users/Marrin's PC/Desktop/gameJams/rake_it_up/Rake it up
-logFile
Logs/AssetImportWorker2.log
-srvPort
51007
Successfully changed project path to: C:/Users/Marrin's PC/Desktop/gameJams/rake_it_up/Rake it up
C:/Users/Marrin's PC/Desktop/gameJams/rake_it_up/Rake it up
[UnityMemory] Configuration Parameters - Can be set up in boot.config
    "memorysetup-bucket-allocator-granularity=16"
    "memorysetup-bucket-allocator-bucket-count=8"
    "memorysetup-bucket-allocator-block-size=33554432"
    "memorysetup-bucket-allocator-block-count=8"
    "memorysetup-main-allocator-block-size=16777216"
    "memorysetup-thread-allocator-block-size=16777216"
    "memorysetup-gfx-main-allocator-block-size=16777216"
    "memorysetup-gfx-thread-allocator-block-size=16777216"
    "memorysetup-cache-allocator-block-size=4194304"
    "memorysetup-typetree-allocator-block-size=2097152"
    "memorysetup-profiler-bucket-allocator-granularity=16"
    "memorysetup-profiler-bucket-allocator-bucket-count=8"
    "memorysetup-profiler-bucket-allocator-block-size=33554432"
    "memorysetup-profiler-bucket-allocator-block-count=8"
    "memorysetup-profiler-allocator-block-size=16777216"
    "memorysetup-profiler-editor-allocator-block-size=1048576"
    "memorysetup-temp-allocator-size-main=16777216"
    "memorysetup-job-temp-allocator-block-size=2097152"
    "memorysetup-job-temp-allocator-block-size-background=1048576"
    "memorysetup-job-temp-allocator-reduction-small-platforms=262144"
    "memorysetup-temp-allocator-size-background-worker=32768"
    "memorysetup-temp-allocator-size-job-worker=262144"
    "memorysetup-temp-allocator-size-preload-manager=33554432"
    "memorysetup-temp-allocator-size-nav-mesh-worker=65536"
    "memorysetup-temp-allocator-size-audio-worker=65536"
    "memorysetup-temp-allocator-size-cloud-worker=32768"
    "memorysetup-temp-allocator-size-gi-baking-worker=262144"
    "memorysetup-temp-allocator-size-gfx=262144"
Refreshing native plugins compatible for Editor in 96.88 ms, found 3 plugins.
Preloading 0 native plugins for Editor in 0.00 ms.
Initialize engine version: 2021.3.11f1 (0a5ca18544bf)
[Subsystems] Discovering subsystems at path C:/Program Files/Unity/Hub/Editor/2021.3.11f1/Editor/Data/Resources/UnitySubsystems
[Subsystems] Discovering subsystems at path C:/Users/Marrin's PC/Desktop/gameJams/rake_it_up/Rake it up/Assets
GfxDevice: creating device client; threaded=0; jobified=0
Direct3D:
    Version:  Direct3D 11.0 [level 11.1]
    Renderer: NVIDIA GeForce RTX 2060 SUPER (ID=0x1f06)
    Vendor:   NVIDIA
    VRAM:     8031 MB
    Driver:   31.0.15.1694
Initialize mono
Mono path[0] = 'C:/Program Files/Unity/Hub/Editor/2021.3.11f1/Editor/Data/Managed'
Mono path[1] = 'C:/Program Files/Unity/Hub/Editor/2021.3.11f1/Editor/Data/MonoBleedingEdge/lib/mono/unityjit-win32'
Mono config path = 'C:/Program Files/Unity/Hub/Editor/2021.3.11f1/Editor/Data/MonoBleedingEdge/etc'
Using monoOptions --debugger-agent=transport=dt_socket,embedding=1,server=y,suspend=n,address=127.0.0.1:56708
Begin MonoManager ReloadAssembly
Registering precompiled unity dll's ...
Register platform support module: C:/Program Files/Unity/Hub/Editor/2021.3.11f1/Editor/Data/PlaybackEngines/WindowsStandaloneSupport/UnityEditor.WindowsStandalone.Extensions.dll
Registered in 0.011101 seconds.
Native extension for WindowsStandalone target not found
Refreshing native plugins compatible for Editor in 106.49 ms, found 3 plugins.
Preloading 0 native plugins for Editor in 0.00 ms.
Mono: successfully reloaded assembly
- Completed reload, in  0.830 seconds
Domain Reload Profiling:
	ReloadAssembly (831ms)
		BeginReloadAssembly (112ms)
			ExecutionOrderSort (0ms)
			DisableScriptedObjects (0ms)
			BackupInstance (0ms)
			ReleaseScriptingObjects (0ms)
			CreateAndSetChildDomain (1ms)
		EndReloadAssembly (591ms)
			LoadAssemblies (107ms)
			RebuildTransferFunctionScriptingTraits (0ms)
			SetupTypeCache (122ms)
			ReleaseScriptCaches (0ms)
			RebuildScriptCaches (41ms)
			SetupLoadedEditorAssemblies (366ms)
				LogAssemblyErrors (0ms)
				InitializePlatformSupportModulesInManaged (9ms)
				SetLoadedEditorAssemblies (0ms)
				RefreshPlugins (107ms)
				BeforeProcessingInitializeOnLoad (2ms)
				ProcessInitializeOnLoadAttributes (190ms)
				ProcessInitializeOnLoadMethodAttributes (59ms)
				AfterProcessingInitializeOnLoad (0ms)
				EditorAssembliesLoaded (0ms)
			ExecutionOrderSort2 (0ms)
			AwakeInstancesAfterBackupRestoration (0ms)
Platform modules already initialized, skipping
Registering precompiled user dll's ...
Registered in 0.008277 seconds.
Begin MonoManager ReloadAssembly
Symbol file LoadedFromMemory doesn't match image C:\Users\Marrin's PC\Desktop\gameJams\rake_it_up\Rake it up\Library\PackageCache\com.unity.visualscripting@1.7.8\Editor\VisualScripting.Core\Dependencies\YamlDotNet\Unity.VisualScripting.YamlDotNet.dll
Symbol file LoadedFromMemory doesn't match image C:\Users\Marrin's PC\Desktop\gameJams\rake_it_up\Rake it up\Library\PackageCache\com.unity.visualscripting@1.7.8\Editor\VisualScripting.Core\Dependencies\DotNetZip\Unity.VisualScripting.IonicZip.dll
Native extension for WindowsStandalone target not found
Refreshing native plugins compatible for Editor in 0.99 ms, found 3 plugins.
Preloading 0 native plugins for Editor in 0.00 ms.
Mono: successfully reloaded assembly
- Completed reload, in  1.179 seconds
Domain Reload Profiling:
	ReloadAssembly (1180ms)
		BeginReloadAssembly (166ms)
			ExecutionOrderSort (0ms)
			DisableScriptedObjects (6ms)
			BackupInstance (0ms)
			ReleaseScriptingObjects (0ms)
			CreateAndSetChildDomain (33ms)
		EndReloadAssembly (881ms)
			LoadAssemblies (139ms)
			RebuildTransferFunctionScriptingTraits (0ms)
			SetupTypeCache (285ms)
			ReleaseScriptCaches (1ms)
			RebuildScriptCaches (55ms)
			SetupLoadedEditorAssemblies (376ms)
				LogAssemblyErrors (0ms)
				InitializePlatformSupportModulesInManaged (8ms)
				SetLoadedEditorAssemblies (0ms)
				RefreshPlugins (1ms)
				BeforeProcessingInitializeOnLoad (98ms)
				ProcessInitializeOnLoadAttributes (231ms)
				ProcessInitializeOnLoadMethodAttributes (28ms)
				AfterProcessingInitializeOnLoad (9ms)
				EditorAssembliesLoaded (0ms)
			ExecutionOrderSort2 (0ms)
			AwakeInstancesAfterBackupRestoration (7ms)
Platform modules already initialized, skipping
========================================================================
Worker process is ready to serve import requests
Launched and connected shader compiler UnityShaderCompiler.exe after 0.08 seconds
Refreshing native plugins compatible for Editor in 1.75 ms, found 3 plugins.
Preloading 0 native plugins for Editor in 0.00 ms.
Unloading 3406 Unused Serialized files (Serialized files now loaded: 0)
Unloading 27 unused Assets / (113.4 KB). Loaded Objects now: 3865.
Memory consumption went from 119.2 MB to 119.1 MB.
Total: 4.895300 ms (FindLiveObjects: 0.546800 ms CreateObjectMapping: 0.098900 ms MarkObjects: 4.092400 ms  DeleteObjects: 0.155900 ms)

AssetImportParameters requested are different than current active one (requested -> active):
  custom:video-decoder-ogg-theora: a1e56fd34408186e4bbccfd4996cb3dc -> 
  custom:container-muxer-webm: aa71ff27fc2769a1b78a27578f13a17b -> 
  custom:container-demuxer-webm: 4f35f7cbe854078d1ac9338744f61a02 -> 
  custom:video-encoder-webm-vp8: eb34c28f22e8b96e1ab97ce403110664 -> 
  custom:audio-encoder-webm-vorbis: bf7c407c2cedff20999df2af8eb42d56 -> 
  custom:framework-win-MediaFoundation: 216162199b28c13a410421893ffa2e32 -> 
  custom:container-demuxer-ogg: 62fdf1f143b41e24485cea50d1cbac27 -> 
  custom:video-decoder-webm-vp8: 9c59270c3fd7afecdb556c50c9e8de78 -> 
  custom:audio-decoder-ogg-vorbis: bf7c407c2cedff20999df2af8eb42d56 -> 
========================================================================
Received Import Request.
  Time since last request: 293415.176284 seconds.
  path: Assets/models/car.obj
  artifactKey: Guid(1afd946d18d69c747831ce1d0442ce7b) Importer(815301076,1909f56bfc062723c751e8b465ee728b)
Start importing Assets/models/car.obj using Guid(1afd946d18d69c747831ce1d0442ce7b) Importer(815301076,1909f56bfc062723c751e8b465ee728b)  -> (artifact id: 'b695d3091cd8fc171caa7f72f46dfd26') in 0.256130 seconds 
========================================================================
Received Import Request.
  Time since last request: 0.000036 seconds.
  path: Assets/models/nickihead.fbx
  artifactKey: Guid(da50c15470292874bbd8be535ce231d0) Importer(815301076,1909f56bfc062723c751e8b465ee728b)
Start importing Assets/models/nickihead.fbx using Guid(da50c15470292874bbd8be535ce231d0) Importer(815301076,1909f56bfc062723c751e8b465ee728b)  -> (artifact id: 'd1c9421ece5ba330e24afa9b8743ffa1') in 0.115644 seconds 
========================================================================
Received Import Request.
  Time since last request: 22.315218 seconds.
  path: Assets/models/hair.mat
  artifactKey: Guid(d3d50b0454311f549ab2d4e3d1c00c66) Importer(815301076,1909f56bfc062723c751e8b465ee728b)
Start importing Assets/models/hair.mat using Guid(d3d50b0454311f549ab2d4e3d1c00c66) Importer(815301076,1909f56bfc062723c751e8b465ee728b)  -> (artifact id: '1c586942857b8debbcec098ba8e13e69') in 0.039149 seconds 
========================================================================
Received Import Request.
  Time since last request: 0.000053 seconds.
  path: Assets/models/New Material 3.mat
  artifactKey: Guid(68b4e6704b7f4f843b545a56e687544b) Importer(815301076,1909f56bfc062723c751e8b465ee728b)
Start importing Assets/models/New Material 3.mat using Guid(68b4e6704b7f4f843b545a56e687544b) Importer(815301076,1909f56bfc062723c751e8b465ee728b)  -> (artifact id: 'dac993acce3cbe8b908f7a251d5f052e') in 0.020434 seconds 
========================================================================
Received Import Request.
  Time since last request: 7.039223 seconds.
  path: Assets/models/ari.mat
  artifactKey: Guid(6eaec17acacbc494fb55042d8701d3cc) Importer(815301076,1909f56bfc062723c751e8b465ee728b)
Start importing Assets/models/ari.mat using Guid(6eaec17acacbc494fb55042d8701d3cc) Importer(815301076,1909f56bfc062723c751e8b465ee728b)  -> (artifact id: '6a2cc77ba78bf8fbd32f4d039d3433c4') in 0.015560 seconds 
========================================================================
Received Import Request.
  Time since last request: 59.832107 seconds.
  path: Assets/models/ari.jpg
  artifactKey: Guid(36f561a02d13d1f47b122dbc6908af13) Importer(815301076,1909f56bfc062723c751e8b465ee728b)
Start importing Assets/models/ari.jpg using Guid(36f561a02d13d1f47b122dbc6908af13) Importer(815301076,1909f56bfc062723c751e8b465ee728b)  -> (artifact id: '8ea11f62a15e7d927f6f364eae069e8a') in 0.046500 seconds 
========================================================================
Received Import Request.
  Time since last request: 27.283398 seconds.
  path: Assets/models/ari.mat
  artifactKey: Guid(6eaec17acacbc494fb55042d8701d3cc) Importer(815301076,1909f56bfc062723c751e8b465ee728b)
Start importing Assets/models/ari.mat using Guid(6eaec17acacbc494fb55042d8701d3cc) Importer(815301076,1909f56bfc062723c751e8b465ee728b)  -> (artifact id: '2f6fdba3646b4a5c9635e61d2aa6f53f') in 0.023275 seconds 
========================================================================
Received Import Request.
  Time since last request: 21.075564 seconds.
  path: Assets/prefabs/GameManager.prefab
  artifactKey: Guid(10c7ad6db4e05ff49a81944e25303798) Importer(815301076,1909f56bfc062723c751e8b465ee728b)
Start importing Assets/prefabs/GameManager.prefab using Guid(10c7ad6db4e05ff49a81944e25303798) Importer(815301076,1909f56bfc062723c751e8b465ee728b)  -> (artifact id: '62a3b2d405f5d56e9208eaf40c75154f') in 0.019546 seconds 
========================================================================
Received Import Request.
  Time since last request: 0.000053 seconds.
  path: Assets/prefabs/nicki.prefab
  artifactKey: Guid(bac1c661b1d1a39498d8b97dcb77cc6d) Importer(815301076,1909f56bfc062723c751e8b465ee728b)
Start importing Assets/prefabs/nicki.prefab using Guid(bac1c661b1d1a39498d8b97dcb77cc6d) Importer(815301076,1909f56bfc062723c751e8b465ee728b)  -> (artifact id: 'c1a1bfab8e7f7346bc364f8f8a311391') in 0.056758 seconds 
========================================================================
Received Import Request.
  Time since last request: 0.000049 seconds.
  path: Assets/prefabs/Player.prefab
  artifactKey: Guid(0b8c7dacc74eb8f4cb5a21ee319a9568) Importer(815301076,1909f56bfc062723c751e8b465ee728b)
Start importing Assets/prefabs/Player.prefab using Guid(0b8c7dacc74eb8f4cb5a21ee319a9568) Importer(815301076,1909f56bfc062723c751e8b465ee728b)  -> (artifact id: '02709861037acd38896fa06cde3120b3') in 0.027939 seconds 
========================================================================
Received Import Request.
  Time since last request: 0.000059 seconds.
  path: Assets/prefabs/ScoreZone.prefab
  artifactKey: Guid(b2d73b8e35312bc42b8ca8974bc3acfd) Importer(815301076,1909f56bfc062723c751e8b465ee728b)
Start importing Assets/prefabs/ScoreZone.prefab using Guid(b2d73b8e35312bc42b8ca8974bc3acfd) Importer(815301076,1909f56bfc062723c751e8b465ee728b)  -> (artifact id: 'a5303ac6907955897c15d4146cd2bdf9') in 0.021985 seconds 
Editor requested this worker to shutdown with reason: Scaling down because of idle timeout
AssetImportWorker is now disconnected from the server
Process exiting
Exiting without the bug reporter. Application will terminate with return code 0